<?xml version="1.0" encoding="UTF-8"?>
<testng-results skipped="0" failed="0" total="0" passed="0">
  <reporter-output>
  </reporter-output>
  <suite name="com.pagefactory.framework.AppTest" duration-ms="4" started-at="2017-06-01T06:07:46Z" finished-at="2017-06-01T06:07:46Z">
    <groups>
    </groups>
    <test name="Command line test" duration-ms="4" started-at="2017-06-01T06:07:46Z" finished-at="2017-06-01T06:07:46Z">
    </test> <!-- Command line test -->
  </suite> <!-- com.pagefactory.framework.AppTest -->
</testng-results>
