<?xml version="1.0" encoding="UTF-8"?>
<testng-results skipped="0" failed="0" total="1" passed="1">
  <reporter-output>
  </reporter-output>
  <suite name="Default suite" duration-ms="24016" started-at="2017-06-01T07:07:06Z" finished-at="2017-06-01T07:07:30Z">
    <groups>
    </groups>
    <test name="Default test" duration-ms="24016" started-at="2017-06-01T07:07:06Z" finished-at="2017-06-01T07:07:30Z">
      <class name="com.pagefactory.framework.ndtvMainPage">
        <test-method status="PASS" signature="TestMainPage()[pri:0, instance:com.pagefactory.framework.ndtvMainPage@15530b9]" name="TestMainPage" duration-ms="22178" started-at="2017-06-01T12:37:06Z" finished-at="2017-06-01T12:37:28Z">
          <reporter-output>
          </reporter-output>
        </test-method> <!-- TestMainPage -->
        <test-method status="PASS" signature="EndTest()[pri:0, instance:com.pagefactory.framework.ndtvMainPage@15530b9]" name="EndTest" is-config="true" duration-ms="1812" started-at="2017-06-01T12:37:28Z" finished-at="2017-06-01T12:37:30Z">
          <reporter-output>
          </reporter-output>
        </test-method> <!-- EndTest -->
      </class> <!-- com.pagefactory.framework.ndtvMainPage -->
    </test> <!-- Default test -->
  </suite> <!-- Default suite -->
</testng-results>
